2025-07-06 16:10:59,245 [INFO] \U0001f4c4 Loaded openapi3.yaml successfully.
2025-07-06 16:10:59,247 [INFO] \u2705 Extracted models from schemas.
2025-07-06 16:10:59,254 [INFO] \u2705 Generated enums \u2192 schemas/enums.py
2025-07-06 16:11:52,295 [INFO] \U0001f4c4 Loaded openapi3.yaml successfully.
2025-07-06 16:11:52,296 [INFO] \u2705 Extracted models from schemas.
2025-07-06 16:11:52,305 [INFO] \u2705 Generated enums \u2192 schemas/enums.py
2025-07-06 16:13:29,743 [INFO] \U0001f4c4 Loaded openapi3.yaml successfully.
2025-07-06 16:13:29,743 [INFO] \u2705 Extracted 6 models.
2025-07-06 16:13:29,748 [INFO] \u2705 Generated Pydantic schema: schemas/apiresponse.py
2025-07-06 16:13:29,750 [INFO] \u2705 Generated Pydantic schema: schemas/category.py
2025-07-06 16:13:29,756 [INFO] \u2705 Generated Pydantic schema: schemas/pet.py
2025-07-06 16:13:29,758 [INFO] \u2705 Generated Pydantic schema: schemas/tag.py
2025-07-06 16:13:29,758 [INFO] \u2705 Generated Pydantic schema: schemas/order.py
2025-07-06 16:13:29,758 [INFO] \u2705 Generated Pydantic schema: schemas/user.py
2025-07-06 16:15:23,795 [INFO] \U0001f4c4 Loaded openapi3.yaml successfully.
2025-07-06 16:15:23,795 [INFO] \u2705 Extracted models from schemas.
2025-07-06 16:15:23,803 [INFO] \u2705 Generated enums \u2192 schemas/enums.py
2025-07-06 16:15:27,466 [INFO] \U0001f4c4 Loaded openapi3.yaml successfully.
2025-07-06 16:15:27,466 [INFO] \u2705 Extracted 6 models from spec.
2025-07-06 16:15:27,473 [INFO] \u2705 Generated SQLAlchemy model: ApiResponse \u2192 models\apiresponse.py
2025-07-06 16:15:27,476 [INFO] \u2705 Generated SQLAlchemy model: Category \u2192 models\category.py
2025-07-06 16:15:27,476 [INFO] \u2705 Generated SQLAlchemy model: Pet \u2192 models\pet.py
2025-07-06 16:15:27,478 [INFO] \u2705 Generated SQLAlchemy model: Tag \u2192 models\tag.py
2025-07-06 16:15:27,479 [INFO] \u2705 Generated SQLAlchemy model: Order \u2192 models\order.py
2025-07-06 16:15:27,479 [INFO] \u2705 Generated SQLAlchemy model: User \u2192 models\user.py
2025-07-06 16:15:32,220 [INFO] \U0001f4c4 Loaded openapi3.yaml successfully.
2025-07-06 16:15:32,220 [INFO] \u2705 Extracted 6 models.
2025-07-06 16:15:32,228 [INFO] \u2705 Generated Pydantic schema: schemas/apiresponse.py
2025-07-06 16:15:32,230 [INFO] \u2705 Generated Pydantic schema: schemas/category.py
2025-07-06 16:15:32,230 [INFO] \u2705 Generated Pydantic schema: schemas/pet.py
2025-07-06 16:15:32,232 [INFO] \u2705 Generated Pydantic schema: schemas/tag.py
2025-07-06 16:15:32,232 [INFO] \u2705 Generated Pydantic schema: schemas/order.py
2025-07-06 16:15:32,234 [INFO] \u2705 Generated Pydantic schema: schemas/user.py
2025-07-06 16:15:37,609 [INFO] \U0001f4c4 Loaded openapi3.yaml successfully.
2025-07-06 16:15:37,609 [INFO] \u2705 Extracted 6 models and 21 routes.
2025-07-06 16:15:37,632 [INFO] \u2705 Generated route: routes/apiresponse.py
2025-07-06 16:15:37,632 [INFO] \u2139\ufe0f Skipped Category: no associated routes.
2025-07-06 16:15:37,632 [INFO] \u2705 Generated route: routes/pet.py
2025-07-06 16:15:37,632 [INFO] \u2139\ufe0f Skipped Tag: no associated routes.
2025-07-06 16:15:37,634 [INFO] \u2705 Generated route: routes/order.py
2025-07-06 16:15:37,634 [INFO] \u2705 Generated route: routes/user.py
2025-07-06 16:30:49,938 [INFO] \U0001f4c4 Loaded openapi3.yaml successfully.
2025-07-06 16:30:49,938 [INFO] \u2705 Extracted models from schemas.
2025-07-06 16:30:49,942 [INFO] \u2705 Generated enums \u2192 schemas/enums.py
